Added Component: Designator=D3(LED-1)
Added Component: Designator=LED1(LED-1)
Added Component: Designator=LED2(LED-1)
Added Component: Designator=P1(HDR1X3)
Added Component: Designator=R1(AXIAL-0.3)
Added Component: Designator=R2(AXIAL-0.3)
Added Component: Designator=R3(AXIAL-0.3)
Added Component: Designator=U1(N08E)
Added Component: Designator=VR1(VR5)
Added Pin To Net: NetName=+5V Pin=LED1-2
Added Pin To Net: NetName=+5V Pin=LED2-1
Added Pin To Net: NetName=+5V Pin=P1-1
Added Pin To Net: NetName=+5V Pin=U1-8
Added Pin To Net: NetName=+5V Pin=VR1-2
Added Net: Name=+5V
Added Pin To Net: NetName=GND Pin=P1-3
Added Pin To Net: NetName=GND Pin=R1-1
Added Pin To Net: NetName=GND Pin=R2-1
Added Pin To Net: NetName=GND Pin=R3-2
Added Pin To Net: NetName=GND Pin=U1-4
Added Pin To Net: NetName=GND Pin=VR1-1
Added Net: Name=GND
Added Pin To Net: NetName=NetD3_1 Pin=D3-1
Added Pin To Net: NetName=NetD3_1 Pin=P1-2
Added Pin To Net: NetName=NetD3_1 Pin=U1-1
Added Net: Name=NetD3_1
Added Pin To Net: NetName=NetD3_2 Pin=D3-2
Added Pin To Net: NetName=NetD3_2 Pin=R3-1
Added Net: Name=NetD3_2
Added Pin To Net: NetName=NetLED1_1 Pin=LED1-1
Added Pin To Net: NetName=NetLED1_1 Pin=R2-2
Added Pin To Net: NetName=NetLED1_1 Pin=U1-3
Added Net: Name=NetLED1_1
Added Pin To Net: NetName=NetLED2_2 Pin=LED2-2
Added Pin To Net: NetName=NetLED2_2 Pin=R1-2
Added Net: Name=NetLED2_2
Added Pin To Net: NetName=NetU1_2 Pin=U1-2
Added Pin To Net: NetName=NetU1_2 Pin=VR1-3
Added Net: Name=NetU1_2
Added Class: Name=IR_SENSOR
Added Room: Name=IR_SENSOR
