Added Component: Designator=C1(RAD-0.3)
Added Component: Designator=C2(RB7.6-15)
Added Component: Designator=CN1(HDR1X3)
Added Component: Designator=CN2(HDR1X3)
Added Component: Designator=CN3(HDR1X3)
Added Component: Designator=CN4(HDR1X3)
Added Component: Designator=CN5(HDR1X3)
Added Component: Designator=CN6(HDR1X3)
Added Component: Designator=CN7(HDR1X3)
Added Component: Designator=CN8(HDR1X3)
Added Component: Designator=CN9(HDR1X10H)
Added Component: Designator=CN10(HDR1X2)
Added Component: Designator=D1(5mm_LED)
Added Component: Designator=D2(5mm_LED)
Added Component: Designator=D3(5mm_LED)
Added Component: Designator=D4(5mm_LED)
Added Component: Designator=D5(5mm_LED)
Added Component: Designator=D6(5mm_LED)
Added Component: Designator=D7(5mm_LED)
Added Component: Designator=D8(5mm_LED)
Added Component: Designator=D9(5mm_LED)
Added Component: Designator=R1(Res 0.25W)
Added Component: Designator=R2(Res 0.25W)
Added Component: Designator=R3(Res 0.25W)
Added Component: Designator=R4(Res 0.25W)
Added Component: Designator=R5(Res 0.25W)
Added Component: Designator=R6(Res 0.25W)
Added Component: Designator=R7(Res 0.25W)
Added Component: Designator=R8(Res 0.25W)
Added Component: Designator=R9(Res 0.25W)
Added Component: Designator=RE 1(Relay_Sugarcube)
Added Component: Designator=RE 2(Relay_Sugarcube)
Added Component: Designator=RE 3(Relay_Sugarcube)
Added Component: Designator=RE 4(Relay_Sugarcube)
Added Component: Designator=RE 5(Relay_Sugarcube)
Added Component: Designator=RE 6(Relay_Sugarcube)
Added Component: Designator=RE 7(Relay_Sugarcube)
Added Component: Designator=RE 8(Relay_Sugarcube)
Added Component: Designator=U1(A18)
Added Pin To Net: NetName=GND Pin=C1-1
Added Pin To Net: NetName=VCC Pin=C1-2
Added Pin To Net: NetName=VCC Pin=C2-1
Added Pin To Net: NetName=GND Pin=C2-2
Added Pin To Net: NetName=NetCN1_1 Pin=CN1-1
Added Pin To Net: NetName=NetCN1_2 Pin=CN1-2
Added Pin To Net: NetName=S1 Pin=CN1-3
Added Pin To Net: NetName=NetCN2_1 Pin=CN2-1
Added Pin To Net: NetName=NetCN2_2 Pin=CN2-2
Added Pin To Net: NetName=S2 Pin=CN2-3
Added Pin To Net: NetName=NetCN3_1 Pin=CN3-1
Added Pin To Net: NetName=NetCN3_2 Pin=CN3-2
Added Pin To Net: NetName=S3 Pin=CN3-3
Added Pin To Net: NetName=NetCN4_1 Pin=CN4-1
Added Pin To Net: NetName=NetCN4_2 Pin=CN4-2
Added Pin To Net: NetName=S4 Pin=CN4-3
Added Pin To Net: NetName=NetCN5_1 Pin=CN5-1
Added Pin To Net: NetName=NetCN5_2 Pin=CN5-2
Added Pin To Net: NetName=S5 Pin=CN5-3
Added Pin To Net: NetName=NetCN6_1 Pin=CN6-1
Added Pin To Net: NetName=NetCN6_2 Pin=CN6-2
Added Pin To Net: NetName=S6 Pin=CN6-3
Added Pin To Net: NetName=NetCN7_1 Pin=CN7-1
Added Pin To Net: NetName=NetCN7_2 Pin=CN7-2
Added Pin To Net: NetName=S7 Pin=CN7-3
Added Pin To Net: NetName=NetCN8_1 Pin=CN8-1
Added Pin To Net: NetName=NetCN8_2 Pin=CN8-2
Added Pin To Net: NetName=S8 Pin=CN8-3
Added Pin To Net: NetName=GND Pin=CN9-9
Added Pin To Net: NetName=VCC Pin=CN9-10
Added Pin To Net: NetName=VCC Pin=CN10-1
Added Pin To Net: NetName=GND Pin=CN10-2
Added Pin To Net: NetName=NetD1_1 Pin=D1-1
Added Pin To Net: NetName=OP1 Pin=D1-2
Added Pin To Net: NetName=NetD2_1 Pin=D2-1
Added Pin To Net: NetName=OP2 Pin=D2-2
Added Pin To Net: NetName=NetD3_1 Pin=D3-1
Added Pin To Net: NetName=OP3 Pin=D3-2
Added Pin To Net: NetName=NetD4_1 Pin=D4-1
Added Pin To Net: NetName=OP4 Pin=D4-2
Added Pin To Net: NetName=NetD5_1 Pin=D5-1
Added Pin To Net: NetName=OP5 Pin=D5-2
Added Pin To Net: NetName=NetD6_1 Pin=D6-1
Added Pin To Net: NetName=OP6 Pin=D6-2
Added Pin To Net: NetName=NetD7_1 Pin=D7-1
Added Pin To Net: NetName=OP7 Pin=D7-2
Added Pin To Net: NetName=NetD8_1 Pin=D8-1
Added Pin To Net: NetName=OP8 Pin=D8-2
Added Pin To Net: NetName=NetD9_1 Pin=D9-1
Added Pin To Net: NetName=GND Pin=D9-2
Added Pin To Net: NetName=NetD1_1 Pin=R1-1
Added Pin To Net: NetName=VCC Pin=R1-2
Added Pin To Net: NetName=NetD2_1 Pin=R2-1
Added Pin To Net: NetName=VCC Pin=R2-2
Added Pin To Net: NetName=NetD3_1 Pin=R3-1
Added Pin To Net: NetName=VCC Pin=R3-2
Added Pin To Net: NetName=NetD4_1 Pin=R4-1
Added Pin To Net: NetName=VCC Pin=R4-2
Added Pin To Net: NetName=NetD5_1 Pin=R5-1
Added Pin To Net: NetName=VCC Pin=R5-2
Added Pin To Net: NetName=NetD6_1 Pin=R6-1
Added Pin To Net: NetName=VCC Pin=R6-2
Added Pin To Net: NetName=NetD7_1 Pin=R7-1
Added Pin To Net: NetName=VCC Pin=R7-2
Added Pin To Net: NetName=NetD8_1 Pin=R8-1
Added Pin To Net: NetName=VCC Pin=R8-2
Added Pin To Net: NetName=NetD9_1 Pin=R9-1
Added Pin To Net: NetName=VCC Pin=R9-2
Added Pin To Net: NetName=NetCN1_2 Pin=RE 1-1
Added Pin To Net: NetName=NetCN1_1 Pin=RE 1-2
Added Pin To Net: NetName=S1 Pin=RE 1-3
Added Pin To Net: NetName=VCC Pin=RE 1-4
Added Pin To Net: NetName=OP1 Pin=RE 1-5
Added Pin To Net: NetName=NetCN2_2 Pin=RE 2-1
Added Pin To Net: NetName=NetCN2_1 Pin=RE 2-2
Added Pin To Net: NetName=S2 Pin=RE 2-3
Added Pin To Net: NetName=VCC Pin=RE 2-4
Added Pin To Net: NetName=OP2 Pin=RE 2-5
Added Pin To Net: NetName=NetCN3_2 Pin=RE 3-1
Added Pin To Net: NetName=NetCN3_1 Pin=RE 3-2
Added Pin To Net: NetName=S3 Pin=RE 3-3
Added Pin To Net: NetName=VCC Pin=RE 3-4
Added Pin To Net: NetName=OP3 Pin=RE 3-5
Added Pin To Net: NetName=NetCN4_2 Pin=RE 4-1
Added Pin To Net: NetName=NetCN4_1 Pin=RE 4-2
Added Pin To Net: NetName=S4 Pin=RE 4-3
Added Pin To Net: NetName=VCC Pin=RE 4-4
Added Pin To Net: NetName=OP4 Pin=RE 4-5
Added Pin To Net: NetName=NetCN5_2 Pin=RE 5-1
Added Pin To Net: NetName=NetCN5_1 Pin=RE 5-2
Added Pin To Net: NetName=S5 Pin=RE 5-3
Added Pin To Net: NetName=VCC Pin=RE 5-4
Added Pin To Net: NetName=OP5 Pin=RE 5-5
Added Pin To Net: NetName=NetCN6_2 Pin=RE 6-1
Added Pin To Net: NetName=NetCN6_1 Pin=RE 6-2
Added Pin To Net: NetName=S6 Pin=RE 6-3
Added Pin To Net: NetName=VCC Pin=RE 6-4
Added Pin To Net: NetName=OP6 Pin=RE 6-5
Added Pin To Net: NetName=NetCN7_2 Pin=RE 7-1
Added Pin To Net: NetName=NetCN7_1 Pin=RE 7-2
Added Pin To Net: NetName=S7 Pin=RE 7-3
Added Pin To Net: NetName=VCC Pin=RE 7-4
Added Pin To Net: NetName=OP7 Pin=RE 7-5
Added Pin To Net: NetName=NetCN8_2 Pin=RE 8-1
Added Pin To Net: NetName=NetCN8_1 Pin=RE 8-2
Added Pin To Net: NetName=S8 Pin=RE 8-3
Added Pin To Net: NetName=VCC Pin=RE 8-4
Added Pin To Net: NetName=OP8 Pin=RE 8-5
Added Pin To Net: NetName=GND Pin=U1-9
Added Pin To Net: NetName=VCC Pin=U1-10
Added Pin To Net: NetName=OP8 Pin=U1-11
Added Pin To Net: NetName=OP7 Pin=U1-12
Added Pin To Net: NetName=OP6 Pin=U1-13
Added Pin To Net: NetName=OP5 Pin=U1-14
Added Pin To Net: NetName=OP4 Pin=U1-15
Added Pin To Net: NetName=OP3 Pin=U1-16
Added Pin To Net: NetName=OP2 Pin=U1-17
Added Pin To Net: NetName=OP1 Pin=U1-18
Added Pin To Net: NetName=NetCN9_1 Pin=CN9-1
Added Pin To Net: NetName=NetCN9_1 Pin=U1-1
Added Net: Name=NetCN9_1
Added Pin To Net: NetName=NetCN9_2 Pin=CN9-2
Added Pin To Net: NetName=NetCN9_2 Pin=U1-2
Added Net: Name=NetCN9_2
Added Pin To Net: NetName=NetCN9_3 Pin=CN9-3
Added Pin To Net: NetName=NetCN9_3 Pin=U1-3
Added Net: Name=NetCN9_3
Added Pin To Net: NetName=NetCN9_4 Pin=CN9-4
Added Pin To Net: NetName=NetCN9_4 Pin=U1-4
Added Net: Name=NetCN9_4
Added Pin To Net: NetName=NetCN9_5 Pin=CN9-5
Added Pin To Net: NetName=NetCN9_5 Pin=U1-5
Added Net: Name=NetCN9_5
Added Pin To Net: NetName=NetCN9_6 Pin=CN9-6
Added Pin To Net: NetName=NetCN9_6 Pin=U1-6
Added Net: Name=NetCN9_6
Added Pin To Net: NetName=NetCN9_7 Pin=CN9-7
Added Pin To Net: NetName=NetCN9_7 Pin=U1-7
Added Net: Name=NetCN9_7
Added Pin To Net: NetName=NetCN9_8 Pin=CN9-8
Added Pin To Net: NetName=NetCN9_8 Pin=U1-8
Added Net: Name=NetCN9_8
Added Member To Class: ClassName=CHANNEL_RELAY_CARD Member=Component C1 Cap
Added Member To Class: ClassName=CHANNEL_RELAY_CARD Member=Component C2 Cap Pol1
Added Member To Class: ClassName=CHANNEL_RELAY_CARD Member=Component CN1 PBT3
Added Member To Class: ClassName=CHANNEL_RELAY_CARD Member=Component CN2 PBT3
Added Member To Class: ClassName=CHANNEL_RELAY_CARD Member=Component CN3 PBT3
Added Member To Class: ClassName=CHANNEL_RELAY_CARD Member=Component CN4 PBT3
Added Member To Class: ClassName=CHANNEL_RELAY_CARD Member=Component CN5 PBT3
Added Member To Class: ClassName=CHANNEL_RELAY_CARD Member=Component CN6 PBT3
Added Member To Class: ClassName=CHANNEL_RELAY_CARD Member=Component CN7 PBT3
Added Member To Class: ClassName=CHANNEL_RELAY_CARD Member=Component CN8 PBT3
Added Member To Class: ClassName=CHANNEL_RELAY_CARD Member=Component CN9 SIP10
Added Member To Class: ClassName=CHANNEL_RELAY_CARD Member=Component CN10 SUPPLY INPUT
Added Member To Class: ClassName=CHANNEL_RELAY_CARD Member=Component D1 RED LED
Added Member To Class: ClassName=CHANNEL_RELAY_CARD Member=Component D2 GREEN LED
Added Member To Class: ClassName=CHANNEL_RELAY_CARD Member=Component D3 RED LED
Added Member To Class: ClassName=CHANNEL_RELAY_CARD Member=Component D4 GREEN LED
Added Member To Class: ClassName=CHANNEL_RELAY_CARD Member=Component D5 RED LED
Added Member To Class: ClassName=CHANNEL_RELAY_CARD Member=Component D6 GREEN LED
Added Member To Class: ClassName=CHANNEL_RELAY_CARD Member=Component D7 RED LED
Added Member To Class: ClassName=CHANNEL_RELAY_CARD Member=Component D8 GREEN LED
Added Member To Class: ClassName=CHANNEL_RELAY_CARD Member=Component D9 RED LED
Added Member To Class: ClassName=CHANNEL_RELAY_CARD Member=Component R1 1K
Added Member To Class: ClassName=CHANNEL_RELAY_CARD Member=Component R2 1K
Added Member To Class: ClassName=CHANNEL_RELAY_CARD Member=Component R3 1K
Added Member To Class: ClassName=CHANNEL_RELAY_CARD Member=Component R4 1K
Added Member To Class: ClassName=CHANNEL_RELAY_CARD Member=Component R5 1K
Added Member To Class: ClassName=CHANNEL_RELAY_CARD Member=Component R6 1K
Added Member To Class: ClassName=CHANNEL_RELAY_CARD Member=Component R7 1K
Added Member To Class: ClassName=CHANNEL_RELAY_CARD Member=Component R8 1K
Added Member To Class: ClassName=CHANNEL_RELAY_CARD Member=Component R9 1K
Added Member To Class: ClassName=CHANNEL_RELAY_CARD Member=Component RE 1 12V RELAY
Added Member To Class: ClassName=CHANNEL_RELAY_CARD Member=Component RE 2 12V RELAY
Added Member To Class: ClassName=CHANNEL_RELAY_CARD Member=Component RE 3 12V RELAY
Added Member To Class: ClassName=CHANNEL_RELAY_CARD Member=Component RE 4 12V RELAY
Added Member To Class: ClassName=CHANNEL_RELAY_CARD Member=Component RE 5 12V RELAY
Added Member To Class: ClassName=CHANNEL_RELAY_CARD Member=Component RE 6 12V RELAY
Added Member To Class: ClassName=CHANNEL_RELAY_CARD Member=Component RE 7 12V RELAY
Added Member To Class: ClassName=CHANNEL_RELAY_CARD Member=Component RE 8 12V RELAY
Added Member To Class: ClassName=CHANNEL_RELAY_CARD Member=Component U1 ULN2803A
Added Room: Name=CHANNEL_RELAY_CARD
