Added Component: Designator=C1(RAD-0.3)
Added Component: Designator=C2(RB7.6-15)
Added Component: Designator=CN1(HDR1X3)
Added Component: Designator=CN2(HDR1X3)
Added Component: Designator=CN3(HDR1X3)
Added Component: Designator=CN4(HDR1X3)
Added Component: Designator=CN5(HDR1X3)
Added Component: Designator=CN6(HDR1X3)
Added Component: Designator=CN7(HDR1X3)
Added Component: Designator=CN8(HDR1X3)
Added Component: Designator=CN10(HDR1X2)
Added Component: Designator=D1(5mm_LED)
Added Component: Designator=D2(5mm_LED)
Added Component: Designator=D3(5mm_LED)
Added Component: Designator=D4(5mm_LED)
Added Component: Designator=D5(5mm_LED)
Added Component: Designator=D6(5mm_LED)
Added Component: Designator=D7(5mm_LED)
Added Component: Designator=D8(5mm_LED)
Added Component: Designator=D9(5mm_LED)
Added Component: Designator=R1(Res 0.25W)
Added Component: Designator=R2(Res 0.25W)
Added Component: Designator=R3(Res 0.25W)
Added Component: Designator=R4(Res 0.25W)
Added Component: Designator=R5(Res 0.25W)
Added Component: Designator=R6(Res 0.25W)
Added Component: Designator=R7(Res 0.25W)
Added Component: Designator=R8(Res 0.25W)
Added Component: Designator=R9(Res 0.25W)
Added Component: Designator=RE 1(Relay_Sugarcube)
Added Component: Designator=RE 2(Relay_Sugarcube)
Added Component: Designator=RE 3(Relay_Sugarcube)
Added Component: Designator=RE 4(Relay_Sugarcube)
Added Component: Designator=RE 5(Relay_Sugarcube)
Added Component: Designator=RE 6(Relay_Sugarcube)
Added Component: Designator=RE 7(Relay_Sugarcube)
Added Component: Designator=RE 8(Relay_Sugarcube)
Added Component: Designator=SIP10(HDR1X10)
Added Component: Designator=U1(A18)
Added Pin To Net: NetName=GND Pin=C1-1
Added Pin To Net: NetName=GND Pin=C2-2
Added Pin To Net: NetName=GND Pin=CN10-2
Added Pin To Net: NetName=GND Pin=D9-2
Added Pin To Net: NetName=GND Pin=SIP10-9
Added Pin To Net: NetName=GND Pin=U1-9
Added Net: Name=GND
Added Pin To Net: NetName=NetCN1_1 Pin=CN1-1
Added Pin To Net: NetName=NetCN1_1 Pin=RE 1-2
Added Net: Name=NetCN1_1
Added Pin To Net: NetName=NetCN1_2 Pin=CN1-2
Added Pin To Net: NetName=NetCN1_2 Pin=RE 1-1
Added Net: Name=NetCN1_2
Added Pin To Net: NetName=NetCN2_1 Pin=CN2-1
Added Pin To Net: NetName=NetCN2_1 Pin=RE 2-2
Added Net: Name=NetCN2_1
Added Pin To Net: NetName=NetCN2_2 Pin=CN2-2
Added Pin To Net: NetName=NetCN2_2 Pin=RE 2-1
Added Net: Name=NetCN2_2
Added Pin To Net: NetName=NetCN3_1 Pin=CN3-1
Added Pin To Net: NetName=NetCN3_1 Pin=RE 3-2
Added Net: Name=NetCN3_1
Added Pin To Net: NetName=NetCN3_2 Pin=CN3-2
Added Pin To Net: NetName=NetCN3_2 Pin=RE 3-1
Added Net: Name=NetCN3_2
Added Pin To Net: NetName=NetCN4_1 Pin=CN4-1
Added Pin To Net: NetName=NetCN4_1 Pin=RE 4-2
Added Net: Name=NetCN4_1
Added Pin To Net: NetName=NetCN4_2 Pin=CN4-2
Added Pin To Net: NetName=NetCN4_2 Pin=RE 4-1
Added Net: Name=NetCN4_2
Added Pin To Net: NetName=NetCN5_1 Pin=CN5-1
Added Pin To Net: NetName=NetCN5_1 Pin=RE 5-2
Added Net: Name=NetCN5_1
Added Pin To Net: NetName=NetCN5_2 Pin=CN5-2
Added Pin To Net: NetName=NetCN5_2 Pin=RE 5-1
Added Net: Name=NetCN5_2
Added Pin To Net: NetName=NetCN6_1 Pin=CN6-1
Added Pin To Net: NetName=NetCN6_1 Pin=RE 6-2
Added Net: Name=NetCN6_1
Added Pin To Net: NetName=NetCN6_2 Pin=CN6-2
Added Pin To Net: NetName=NetCN6_2 Pin=RE 6-1
Added Net: Name=NetCN6_2
Added Pin To Net: NetName=NetCN7_1 Pin=CN7-1
Added Pin To Net: NetName=NetCN7_1 Pin=RE 7-2
Added Net: Name=NetCN7_1
Added Pin To Net: NetName=NetCN7_2 Pin=CN7-2
Added Pin To Net: NetName=NetCN7_2 Pin=RE 7-1
Added Net: Name=NetCN7_2
Added Pin To Net: NetName=NetCN8_1 Pin=CN8-1
Added Pin To Net: NetName=NetCN8_1 Pin=RE 8-2
Added Net: Name=NetCN8_1
Added Pin To Net: NetName=NetCN8_2 Pin=CN8-2
Added Pin To Net: NetName=NetCN8_2 Pin=RE 8-1
Added Net: Name=NetCN8_2
Added Pin To Net: NetName=NetD1_1 Pin=D1-1
Added Pin To Net: NetName=NetD1_1 Pin=R1-1
Added Net: Name=NetD1_1
Added Pin To Net: NetName=NetD2_1 Pin=D2-1
Added Pin To Net: NetName=NetD2_1 Pin=R2-1
Added Net: Name=NetD2_1
Added Pin To Net: NetName=NetD3_1 Pin=D3-1
Added Pin To Net: NetName=NetD3_1 Pin=R3-1
Added Net: Name=NetD3_1
Added Pin To Net: NetName=NetD4_1 Pin=D4-1
Added Pin To Net: NetName=NetD4_1 Pin=R4-1
Added Net: Name=NetD4_1
Added Pin To Net: NetName=NetD5_1 Pin=D5-1
Added Pin To Net: NetName=NetD5_1 Pin=R5-1
Added Net: Name=NetD5_1
Added Pin To Net: NetName=NetD6_1 Pin=D6-1
Added Pin To Net: NetName=NetD6_1 Pin=R6-1
Added Net: Name=NetD6_1
Added Pin To Net: NetName=NetD7_1 Pin=D7-1
Added Pin To Net: NetName=NetD7_1 Pin=R7-1
Added Net: Name=NetD7_1
Added Pin To Net: NetName=NetD8_1 Pin=D8-1
Added Pin To Net: NetName=NetD8_1 Pin=R8-1
Added Net: Name=NetD8_1
Added Pin To Net: NetName=NetD9_1 Pin=D9-1
Added Pin To Net: NetName=NetD9_1 Pin=R9-1
Added Net: Name=NetD9_1
Added Pin To Net: NetName=NetSIP10_1 Pin=SIP10-1
Added Pin To Net: NetName=NetSIP10_1 Pin=U1-1
Added Net: Name=NetSIP10_1
Added Pin To Net: NetName=NetSIP10_2 Pin=SIP10-2
Added Pin To Net: NetName=NetSIP10_2 Pin=U1-2
Added Net: Name=NetSIP10_2
Added Pin To Net: NetName=NetSIP10_3 Pin=SIP10-3
Added Pin To Net: NetName=NetSIP10_3 Pin=U1-3
Added Net: Name=NetSIP10_3
Added Pin To Net: NetName=NetSIP10_4 Pin=SIP10-4
Added Pin To Net: NetName=NetSIP10_4 Pin=U1-4
Added Net: Name=NetSIP10_4
Added Pin To Net: NetName=NetSIP10_5 Pin=SIP10-5
Added Pin To Net: NetName=NetSIP10_5 Pin=U1-5
Added Net: Name=NetSIP10_5
Added Pin To Net: NetName=NetSIP10_6 Pin=SIP10-6
Added Pin To Net: NetName=NetSIP10_6 Pin=U1-6
Added Net: Name=NetSIP10_6
Added Pin To Net: NetName=NetSIP10_7 Pin=SIP10-7
Added Pin To Net: NetName=NetSIP10_7 Pin=U1-7
Added Net: Name=NetSIP10_7
Added Pin To Net: NetName=NetSIP10_8 Pin=SIP10-8
Added Pin To Net: NetName=NetSIP10_8 Pin=U1-8
Added Net: Name=NetSIP10_8
Added Pin To Net: NetName=OP1 Pin=D1-2
Added Pin To Net: NetName=OP1 Pin=RE 1-5
Added Pin To Net: NetName=OP1 Pin=U1-18
Added Net: Name=OP1
Added Pin To Net: NetName=OP2 Pin=D2-2
Added Pin To Net: NetName=OP2 Pin=RE 2-5
Added Pin To Net: NetName=OP2 Pin=U1-17
Added Net: Name=OP2
Added Pin To Net: NetName=OP3 Pin=D3-2
Added Pin To Net: NetName=OP3 Pin=RE 3-5
Added Pin To Net: NetName=OP3 Pin=U1-16
Added Net: Name=OP3
Added Pin To Net: NetName=OP4 Pin=D4-2
Added Pin To Net: NetName=OP4 Pin=RE 4-5
Added Pin To Net: NetName=OP4 Pin=U1-15
Added Net: Name=OP4
Added Pin To Net: NetName=OP5 Pin=D5-2
Added Pin To Net: NetName=OP5 Pin=RE 5-5
Added Pin To Net: NetName=OP5 Pin=U1-14
Added Net: Name=OP5
Added Pin To Net: NetName=OP6 Pin=D6-2
Added Pin To Net: NetName=OP6 Pin=RE 6-5
Added Pin To Net: NetName=OP6 Pin=U1-13
Added Net: Name=OP6
Added Pin To Net: NetName=OP7 Pin=D7-2
Added Pin To Net: NetName=OP7 Pin=RE 7-5
Added Pin To Net: NetName=OP7 Pin=U1-12
Added Net: Name=OP7
Added Pin To Net: NetName=OP8 Pin=D8-2
Added Pin To Net: NetName=OP8 Pin=RE 8-5
Added Pin To Net: NetName=OP8 Pin=U1-11
Added Net: Name=OP8
Added Pin To Net: NetName=S1 Pin=CN1-3
Added Pin To Net: NetName=S1 Pin=RE 1-3
Added Net: Name=S1
Added Pin To Net: NetName=S2 Pin=CN2-3
Added Pin To Net: NetName=S2 Pin=RE 2-3
Added Net: Name=S2
Added Pin To Net: NetName=S3 Pin=CN3-3
Added Pin To Net: NetName=S3 Pin=RE 3-3
Added Net: Name=S3
Added Pin To Net: NetName=S4 Pin=CN4-3
Added Pin To Net: NetName=S4 Pin=RE 4-3
Added Net: Name=S4
Added Pin To Net: NetName=S5 Pin=CN5-3
Added Pin To Net: NetName=S5 Pin=RE 5-3
Added Net: Name=S5
Added Pin To Net: NetName=S6 Pin=CN6-3
Added Pin To Net: NetName=S6 Pin=RE 6-3
Added Net: Name=S6
Added Pin To Net: NetName=S7 Pin=CN7-3
Added Pin To Net: NetName=S7 Pin=RE 7-3
Added Net: Name=S7
Added Pin To Net: NetName=S8 Pin=CN8-3
Added Pin To Net: NetName=S8 Pin=RE 8-3
Added Net: Name=S8
Added Pin To Net: NetName=VCC Pin=C1-2
Added Pin To Net: NetName=VCC Pin=C2-1
Added Pin To Net: NetName=VCC Pin=CN10-1
Added Pin To Net: NetName=VCC Pin=R1-2
Added Pin To Net: NetName=VCC Pin=R2-2
Added Pin To Net: NetName=VCC Pin=R3-2
Added Pin To Net: NetName=VCC Pin=R4-2
Added Pin To Net: NetName=VCC Pin=R5-2
Added Pin To Net: NetName=VCC Pin=R6-2
Added Pin To Net: NetName=VCC Pin=R7-2
Added Pin To Net: NetName=VCC Pin=R8-2
Added Pin To Net: NetName=VCC Pin=R9-2
Added Pin To Net: NetName=VCC Pin=RE 1-4
Added Pin To Net: NetName=VCC Pin=RE 2-4
Added Pin To Net: NetName=VCC Pin=RE 3-4
Added Pin To Net: NetName=VCC Pin=RE 4-4
Added Pin To Net: NetName=VCC Pin=RE 5-4
Added Pin To Net: NetName=VCC Pin=RE 6-4
Added Pin To Net: NetName=VCC Pin=RE 7-4
Added Pin To Net: NetName=VCC Pin=RE 8-4
Added Pin To Net: NetName=VCC Pin=SIP10-10
Added Pin To Net: NetName=VCC Pin=U1-10
Added Net: Name=VCC
Added Class: Name=CHANNEL_RELAY_CARD
Added Room: Name=CHANNEL_RELAY_CARD
