Added Component: Designator=C1(POLAR0.8)
Added Component: Designator=C2(POLAR0.8)
Added Component: Designator=C3(RAD-0.3)
Added Component: Designator=C4(RAD-0.3)
Added Component: Designator=C5(POLAR0.8)
Added Component: Designator=C6(POLAR0.8)
Added Component: Designator=C7(RAD-0.3)
Added Component: Designator=C8(RAD-0.3)
Added Component: Designator=D1(DIO10.46-5.3x2.8)
Added Component: Designator=D2(DIO10.46-5.3x2.8)
Added Component: Designator=D3(DIO10.46-5.3x2.8)
Added Component: Designator=D4(DIO10.46-5.3x2.8)
Added Component: Designator=P1(HDR1X3)
Added Component: Designator=P2(HDR1X3)
Added Component: Designator=U1(221A-04)
Added Component: Designator=U2(221A-04)
Added Pin To Net: NetName=NetC1_1 Pin=C1-1
Added Pin To Net: NetName=NetC1_2 Pin=C1-2
Added Pin To Net: NetName=+12V Pin=C2-1
Added Pin To Net: NetName=NetC2_2 Pin=C2-2
Added Pin To Net: NetName=NetC3_1 Pin=C3-1
Added Pin To Net: NetName=NetC1_1 Pin=C3-2
Added Pin To Net: NetName=NetC4_1 Pin=C4-1
Added Pin To Net: NetName=+12V Pin=C4-2
Added Pin To Net: NetName=NetC1_2 Pin=C5-1
Added Pin To Net: NetName=NetC5_2 Pin=C5-2
Added Pin To Net: NetName=NetC2_2 Pin=C6-1
Added Pin To Net: NetName=NetC6_2 Pin=C6-2
Added Pin To Net: NetName=NetC5_2 Pin=C7-1
Added Pin To Net: NetName=NetC3_1 Pin=C7-2
Added Pin To Net: NetName=NetC6_2 Pin=C8-1
Added Pin To Net: NetName=NetC4_1 Pin=C8-2
Added Pin To Net: NetName=NetD1_1 Pin=D1-1
Added Pin To Net: NetName=NetC1_1 Pin=D1-2
Added Pin To Net: NetName=NetC5_2 Pin=D2-1
Added Pin To Net: NetName=NetD1_1 Pin=D2-2
Added Pin To Net: NetName=NetD3_1 Pin=D3-1
Added Pin To Net: NetName=NetC1_1 Pin=D3-2
Added Pin To Net: NetName=NetC5_2 Pin=D4-1
Added Pin To Net: NetName=NetD3_1 Pin=D4-2
Added Pin To Net: NetName=NetD1_1 Pin=P1-1
Added Pin To Net: NetName=GND Pin=P1-2
Added Pin To Net: NetName=NetD3_1 Pin=P1-3
Added Pin To Net: NetName=+12V Pin=P2-1
Added Pin To Net: NetName=GND Pin=P2-2
Added Pin To Net: NetName=NetC6_2 Pin=P2-3
Added Pin To Net: NetName=NetC1_1 Pin=U1-1
Added Pin To Net: NetName=NetU1_2 Pin=U1-2
Added Pin To Net: NetName=+12V Pin=U1-3
Added Pin To Net: NetName=NetU1_2 Pin=U2-1
Added Pin To Net: NetName=NetC5_2 Pin=U2-2
Added Pin To Net: NetName=NetC6_2 Pin=U2-3
Added Member To Class: ClassName=DUAL_RPS Member=Component C1 50 Vdc
Added Member To Class: ClassName=DUAL_RPS Member=Component C2 50 Vdc
Added Member To Class: ClassName=DUAL_RPS Member=Component C3 Capacitor Disc
Added Member To Class: ClassName=DUAL_RPS Member=Component C4 Capacitor Disc
Added Member To Class: ClassName=DUAL_RPS Member=Component C5 50 Vdc
Added Member To Class: ClassName=DUAL_RPS Member=Component C6 50 Vdc
Added Member To Class: ClassName=DUAL_RPS Member=Component C7 Capacitor Disc
Added Member To Class: ClassName=DUAL_RPS Member=Component C8 Capacitor Disc
Added Member To Class: ClassName=DUAL_RPS Member=Component D1 Diode 1N4007
Added Member To Class: ClassName=DUAL_RPS Member=Component D2 Diode 1N4007
Added Member To Class: ClassName=DUAL_RPS Member=Component D3 Diode 1N4007
Added Member To Class: ClassName=DUAL_RPS Member=Component D4 Diode 1N4007
Added Member To Class: ClassName=DUAL_RPS Member=Component P1 Header 3
Added Member To Class: ClassName=DUAL_RPS Member=Component P2 Header 3
Added Member To Class: ClassName=DUAL_RPS Member=Component U1 MC7812CT
Added Member To Class: ClassName=DUAL_RPS Member=Component U2 MC7912ACT
Added Room: Name=DUAL_RPS
